# JRE version: OpenJDK Runtime Environment (11.0.10) (build 11.0.10+0-b96-7249189)
# Java VM: OpenJDK 64-Bit Server VM (11.0.10+0-b96-7249189, mixed mode, tiered, compressed oops, g1 gc, windows-amd64)
Heap:
 garbage-first heap   total 262144K, used 144526K [0x00000000a0000000, 0x0000000100000000)
  region size 1024K, 114 young (116736K), 9 survivors (9216K)
 Metaspace       used 39419K, capacity 40099K, committed 40320K, reserved 1085440K
  class space    used 4929K, capacity 5204K, committed 5248K, reserved 1048576K
GC Heap History (12 events):
Event: 0.723 GC heap before
{Heap before GC invocations=0 (full 0):
 garbage-first heap   total 262144K, used 26624K [0x00000000a0000000, 0x0000000100000000)
  region size 1024K, 24 young (24576K), 0 survivors (0K)
 Metaspace       used 10705K, capacity 10991K, committed 11264K, reserved 1058816K
  class space    used 1124K, capacity 1194K, committed 1280K, reserved 1048576K
}
Event: 0.727 GC heap after
{Heap after GC invocations=1 (full 0):
 garbage-first heap   total 262144K, used 7543K [0x00000000a0000000, 0x0000000100000000)
  region size 1024K, 3 young (3072K), 3 survivors (3072K)
 Metaspace       used 10705K, capacity 10991K, committed 11264K, reserved 1058816K
  class space    used 1124K, capacity 1194K, committed 1280K, reserved 1048576K
}
Event: 2.143 GC heap before
{Heap before GC invocations=1 (full 0):
 garbage-first heap   total 262144K, used 78199K [0x00000000a0000000, 0x0000000100000000)
  region size 1024K, 74 young (75776K), 3 survivors (3072K)
 Metaspace       used 20654K, capacity 21178K, committed 21248K, reserved 1067008K
  class space    used 2596K, capacity 2788K, committed 2816K, reserved 1048576K
}
Event: 2.153 GC heap after
{Heap after GC invocations=2 (full 0):
 garbage-first heap   total 262144K, used 14809K [0x00000000a0000000, 0x0000000100000000)
  region size 1024K, 11 young (11264K), 11 survivors (11264K)
 Metaspace       used 20654K, capacity 21178K, committed 21248K, reserved 1067008K
  class space    used 2596K, capacity 2788K, committed 2816K, reserved 1048576K
}
Event: 3.780 GC heap before
{Heap before GC invocations=3 (full 0):
 garbage-first heap   total 262144K, used 69081K [0x00000000a0000000, 0x0000000100000000)
  region size 1024K, 55 young (56320K), 11 survivors (11264K)
 Metaspace       used 27477K, capacity 28099K, committed 28416K, reserved 1073152K
  class space    used 3511K, capacity 3726K, committed 3840K, reserved 1048576K
}
Event: 3.788 GC heap after
{Heap after GC invocations=4 (full 0):
 garbage-first heap   total 262144K, used 29810K [0x00000000a0000000, 0x0000000100000000)
  region size 1024K, 5 young (5120K), 5 survivors (5120K)
 Metaspace       used 27477K, capacity 28099K, committed 28416K, reserved 1073152K
  class space    used 3511K, capacity 3726K, committed 3840K, reserved 1048576K
}
Event: 4.835 GC heap before
{Heap before GC invocations=4 (full 0):
 garbage-first heap   total 262144K, used 68722K [0x00000000a0000000, 0x0000000100000000)
  region size 1024K, 42 young (43008K), 5 survivors (5120K)
 Metaspace       used 35021K, capacity 35726K, committed 35840K, reserved 1081344K
  class space    used 4256K, capacity 4541K, committed 4608K, reserved 1048576K
}
Event: 4.846 GC heap after
{Heap after GC invocations=5 (full 0):
 garbage-first heap   total 262144K, used 33012K [0x00000000a0000000, 0x0000000100000000)
  region size 1024K, 8 young (8192K), 8 survivors (8192K)
 Metaspace       used 35021K, capacity 35726K, committed 35840K, reserved 1081344K
  class space    used 4256K, capacity 4541K, committed 4608K, reserved 1048576K
}
Event: 5.884 GC heap before
{Heap before GC invocations=6 (full 0):
 garbage-first heap   total 262144K, used 119028K [0x00000000a0000000, 0x0000000100000000)
  region size 1024K, 92 young (94208K), 8 survivors (8192K)
 Metaspace       used 38769K, capacity 39465K, committed 39808K, reserved 1083392K
  class space    used 4871K, capacity 5123K, committed 5248K, reserved 1048576K
}
Event: 5.890 GC heap after
{Heap after GC invocations=7 (full 0):
 garbage-first heap   total 262144K, used 35359K [0x00000000a0000000, 0x0000000100000000)
  region size 1024K, 6 young (6144K), 6 survivors (6144K)
 Metaspace       used 38769K, capacity 39465K, committed 39808K, reserved 1083392K
  class space    used 4871K, capacity 5123K, committed 5248K, reserved 1048576K
}
Event: 6.422 GC heap before
{Heap before GC invocations=7 (full 0):
 garbage-first heap   total 262144K, used 145951K [0x00000000a0000000, 0x0000000100000000)
  region size 1024K, 114 young (116736K), 6 survivors (6144K)
 Metaspace       used 38769K, capacity 39465K, committed 39808K, reserved 1083392K
  class space    used 4871K, capacity 5123K, committed 5248K, reserved 1048576K
}
Event: 6.427 GC heap after
{Heap after GC invocations=8 (full 0):
 garbage-first heap   total 262144K, used 38030K [0x00000000a0000000, 0x0000000100000000)
  region size 1024K, 9 young (9216K), 9 survivors (9216K)
 Metaspace       used 38769K, capacity 39465K, committed 39808K, reserved 1083392K
  class space    used 4871K, capacity 5123K, committed 5248K, reserved 1048576K
}

